ERROR - 2021-02-18 10:21:16 --> mysqli_sql_exception: You have an error in your SQL syntax; check the manual that corresponds to your MySQL server version for the right syntax to use near 'AND modules.id_group_module = 1' at line 1 in /Library/WebServer/Documents/solimaq/system/Database/MySQLi/Connection.php:314
Stack trace:
#0 /Library/WebServer/Documents/solimaq/system/Database/MySQLi/Connection.php(314): mysqli->query('SELECT modules....')
#1 /Library/WebServer/Documents/solimaq/system/Database/BaseConnection.php(713): CodeIgniter\Database\MySQLi\Connection->execute('SELECT modules....')
#2 /Library/WebServer/Documents/solimaq/system/Database/BaseConnection.php(641): CodeIgniter\Database\BaseConnection->simpleQuery('SELECT modules....')
#3 /Library/WebServer/Documents/solimaq/app/Models/session/access.php(25): CodeIgniter\Database\BaseConnection->query('SELECT modules....')
#4 /Library/WebServer/Documents/solimaq/app/Helpers/menu_helper.php(14): App\Models\Access->getPermisions(NULL, '1')
#5 /Library/WebServer/Documents/solimaq/app/Controllers/Users.php(10): get_menu()
#6 /Library/WebServer/Documents/solimaq/system/CodeIgniter.php(936): App\Controllers\Users->index()
#7 /Library/WebServer/Documents/solimaq/system/CodeIgniter.php(432): CodeIgniter\CodeIgniter->runController(Object(App\Controllers\Users))
#8 /Library/WebServer/Documents/solimaq/system/CodeIgniter.php(333): CodeIgniter\CodeIgniter->handleRequest(NULL, Object(Config\Cache), false)
#9 /Library/WebServer/Documents/solimaq/public/index.php(44): CodeIgniter\CodeIgniter->run()
#10 {main}
CRITICAL - 2021-02-18 10:21:16 --> You have an error in your SQL syntax; check the manual that corresponds to your MySQL server version for the right syntax to use near 'AND modules.id_group_module = 1' at line 1
#0 /Library/WebServer/Documents/solimaq/system/Database/MySQLi/Connection.php(314): mysqli->query('SELECT modules....')
#1 /Library/WebServer/Documents/solimaq/system/Database/BaseConnection.php(713): CodeIgniter\Database\MySQLi\Connection->execute('SELECT modules....')
#2 /Library/WebServer/Documents/solimaq/system/Database/BaseConnection.php(641): CodeIgniter\Database\BaseConnection->simpleQuery('SELECT modules....')
#3 /Library/WebServer/Documents/solimaq/app/Models/session/access.php(25): CodeIgniter\Database\BaseConnection->query('SELECT modules....')
#4 /Library/WebServer/Documents/solimaq/app/Helpers/menu_helper.php(14): App\Models\Access->getPermisions(NULL, '1')
#5 /Library/WebServer/Documents/solimaq/app/Controllers/Users.php(10): get_menu()
#6 /Library/WebServer/Documents/solimaq/system/CodeIgniter.php(936): App\Controllers\Users->index()
#7 /Library/WebServer/Documents/solimaq/system/CodeIgniter.php(432): CodeIgniter\CodeIgniter->runController(Object(App\Controllers\Users))
#8 /Library/WebServer/Documents/solimaq/system/CodeIgniter.php(333): CodeIgniter\CodeIgniter->handleRequest(NULL, Object(Config\Cache), false)
#9 /Library/WebServer/Documents/solimaq/public/index.php(44): CodeIgniter\CodeIgniter->run()
#10 {main}
ERROR - 2021-02-18 10:22:35 --> mysqli_sql_exception: Cannot add or update a child row: a foreign key constraint fails (`solimaq`.`users`, CONSTRAINT `user-group` FOREIGN KEY (`id_group`) REFERENCES `groups` (`id`) ON DELETE CASCADE) in /Library/WebServer/Documents/solimaq/system/Database/MySQLi/Connection.php:314
Stack trace:
#0 /Library/WebServer/Documents/solimaq/system/Database/MySQLi/Connection.php(314): mysqli->query('INSERT INTO `us...')
#1 /Library/WebServer/Documents/solimaq/system/Database/BaseConnection.php(713): CodeIgniter\Database\MySQLi\Connection->execute('INSERT INTO `us...')
#2 /Library/WebServer/Documents/solimaq/system/Database/BaseConnection.php(641): CodeIgniter\Database\BaseConnection->simpleQuery('INSERT INTO `us...')
#3 /Library/WebServer/Documents/solimaq/system/Database/BaseBuilder.php(2263): CodeIgniter\Database\BaseConnection->query('INSERT INTO `us...', Array, false)
#4 /Library/WebServer/Documents/solimaq/app/Models/Model_user/User.php(25): CodeIgniter\Database\BaseBuilder->insert(Array)
#5 /Library/WebServer/Documents/solimaq/app/Controllers/Users.php(110): App\Models\User->insert_user(Array)
#6 /Library/WebServer/Documents/solimaq/system/CodeIgniter.php(936): App\Controllers\Users->insert_client()
#7 /Library/WebServer/Documents/solimaq/system/CodeIgniter.php(432): CodeIgniter\CodeIgniter->runController(Object(App\Controllers\Users))
#8 /Library/WebServer/Documents/solimaq/system/CodeIgniter.php(333): CodeIgniter\CodeIgniter->handleRequest(NULL, Object(Config\Cache), false)
#9 /Library/WebServer/Documents/solimaq/public/index.php(44): CodeIgniter\CodeIgniter->run()
#10 {main}
CRITICAL - 2021-02-18 10:22:35 --> Cannot add or update a child row: a foreign key constraint fails (`solimaq`.`users`, CONSTRAINT `user-group` FOREIGN KEY (`id_group`) REFERENCES `groups` (`id`) ON DELETE CASCADE)
#0 /Library/WebServer/Documents/solimaq/system/Database/MySQLi/Connection.php(314): mysqli->query('INSERT INTO `us...')
#1 /Library/WebServer/Documents/solimaq/system/Database/BaseConnection.php(713): CodeIgniter\Database\MySQLi\Connection->execute('INSERT INTO `us...')
#2 /Library/WebServer/Documents/solimaq/system/Database/BaseConnection.php(641): CodeIgniter\Database\BaseConnection->simpleQuery('INSERT INTO `us...')
#3 /Library/WebServer/Documents/solimaq/system/Database/BaseBuilder.php(2263): CodeIgniter\Database\BaseConnection->query('INSERT INTO `us...', Array, false)
#4 /Library/WebServer/Documents/solimaq/app/Models/Model_user/User.php(25): CodeIgniter\Database\BaseBuilder->insert(Array)
#5 /Library/WebServer/Documents/solimaq/app/Controllers/Users.php(110): App\Models\User->insert_user(Array)
#6 /Library/WebServer/Documents/solimaq/system/CodeIgniter.php(936): App\Controllers\Users->insert_client()
#7 /Library/WebServer/Documents/solimaq/system/CodeIgniter.php(432): CodeIgniter\CodeIgniter->runController(Object(App\Controllers\Users))
#8 /Library/WebServer/Documents/solimaq/system/CodeIgniter.php(333): CodeIgniter\CodeIgniter->handleRequest(NULL, Object(Config\Cache), false)
#9 /Library/WebServer/Documents/solimaq/public/index.php(44): CodeIgniter\CodeIgniter->run()
#10 {main}
ERROR - 2021-02-18 10:23:01 --> mysqli_sql_exception: Cannot add or update a child row: a foreign key constraint fails (`solimaq`.`users`, CONSTRAINT `user-group` FOREIGN KEY (`id_group`) REFERENCES `groups` (`id`) ON DELETE CASCADE) in /Library/WebServer/Documents/solimaq/system/Database/MySQLi/Connection.php:314
Stack trace:
#0 /Library/WebServer/Documents/solimaq/system/Database/MySQLi/Connection.php(314): mysqli->query('INSERT INTO `us...')
#1 /Library/WebServer/Documents/solimaq/system/Database/BaseConnection.php(713): CodeIgniter\Database\MySQLi\Connection->execute('INSERT INTO `us...')
#2 /Library/WebServer/Documents/solimaq/system/Database/BaseConnection.php(641): CodeIgniter\Database\BaseConnection->simpleQuery('INSERT INTO `us...')
#3 /Library/WebServer/Documents/solimaq/system/Database/BaseBuilder.php(2263): CodeIgniter\Database\BaseConnection->query('INSERT INTO `us...', Array, false)
#4 /Library/WebServer/Documents/solimaq/app/Models/Model_user/User.php(25): CodeIgniter\Database\BaseBuilder->insert(Array)
#5 /Library/WebServer/Documents/solimaq/app/Controllers/Users.php(110): App\Models\User->insert_user(Array)
#6 /Library/WebServer/Documents/solimaq/system/CodeIgniter.php(936): App\Controllers\Users->insert_client()
#7 /Library/WebServer/Documents/solimaq/system/CodeIgniter.php(432): CodeIgniter\CodeIgniter->runController(Object(App\Controllers\Users))
#8 /Library/WebServer/Documents/solimaq/system/CodeIgniter.php(333): CodeIgniter\CodeIgniter->handleRequest(NULL, Object(Config\Cache), false)
#9 /Library/WebServer/Documents/solimaq/public/index.php(44): CodeIgniter\CodeIgniter->run()
#10 {main}
CRITICAL - 2021-02-18 10:23:01 --> Cannot add or update a child row: a foreign key constraint fails (`solimaq`.`users`, CONSTRAINT `user-group` FOREIGN KEY (`id_group`) REFERENCES `groups` (`id`) ON DELETE CASCADE)
#0 /Library/WebServer/Documents/solimaq/system/Database/MySQLi/Connection.php(314): mysqli->query('INSERT INTO `us...')
#1 /Library/WebServer/Documents/solimaq/system/Database/BaseConnection.php(713): CodeIgniter\Database\MySQLi\Connection->execute('INSERT INTO `us...')
#2 /Library/WebServer/Documents/solimaq/system/Database/BaseConnection.php(641): CodeIgniter\Database\BaseConnection->simpleQuery('INSERT INTO `us...')
#3 /Library/WebServer/Documents/solimaq/system/Database/BaseBuilder.php(2263): CodeIgniter\Database\BaseConnection->query('INSERT INTO `us...', Array, false)
#4 /Library/WebServer/Documents/solimaq/app/Models/Model_user/User.php(25): CodeIgniter\Database\BaseBuilder->insert(Array)
#5 /Library/WebServer/Documents/solimaq/app/Controllers/Users.php(110): App\Models\User->insert_user(Array)
#6 /Library/WebServer/Documents/solimaq/system/CodeIgniter.php(936): App\Controllers\Users->insert_client()
#7 /Library/WebServer/Documents/solimaq/system/CodeIgniter.php(432): CodeIgniter\CodeIgniter->runController(Object(App\Controllers\Users))
#8 /Library/WebServer/Documents/solimaq/system/CodeIgniter.php(333): CodeIgniter\CodeIgniter->handleRequest(NULL, Object(Config\Cache), false)
#9 /Library/WebServer/Documents/solimaq/public/index.php(44): CodeIgniter\CodeIgniter->run()
#10 {main}
ERROR - 2021-02-18 11:05:21 --> mysqli_sql_exception: Cannot add or update a child row: a foreign key constraint fails (`solimaq`.`users`, CONSTRAINT `user-group` FOREIGN KEY (`id_group`) REFERENCES `groups` (`id`) ON DELETE CASCADE) in /Library/WebServer/Documents/solimaq/system/Database/MySQLi/Connection.php:314
Stack trace:
#0 /Library/WebServer/Documents/solimaq/system/Database/MySQLi/Connection.php(314): mysqli->query('INSERT INTO `us...')
#1 /Library/WebServer/Documents/solimaq/system/Database/BaseConnection.php(713): CodeIgniter\Database\MySQLi\Connection->execute('INSERT INTO `us...')
#2 /Library/WebServer/Documents/solimaq/system/Database/BaseConnection.php(641): CodeIgniter\Database\BaseConnection->simpleQuery('INSERT INTO `us...')
#3 /Library/WebServer/Documents/solimaq/system/Database/BaseBuilder.php(2263): CodeIgniter\Database\BaseConnection->query('INSERT INTO `us...', Array, false)
#4 /Library/WebServer/Documents/solimaq/app/Models/Model_user/User.php(25): CodeIgniter\Database\BaseBuilder->insert(Array)
#5 /Library/WebServer/Documents/solimaq/app/Controllers/Users.php(110): App\Models\User->insert_user(Array)
#6 /Library/WebServer/Documents/solimaq/system/CodeIgniter.php(936): App\Controllers\Users->insert_client()
#7 /Library/WebServer/Documents/solimaq/system/CodeIgniter.php(432): CodeIgniter\CodeIgniter->runController(Object(App\Controllers\Users))
#8 /Library/WebServer/Documents/solimaq/system/CodeIgniter.php(333): CodeIgniter\CodeIgniter->handleRequest(NULL, Object(Config\Cache), false)
#9 /Library/WebServer/Documents/solimaq/public/index.php(44): CodeIgniter\CodeIgniter->run()
#10 {main}
CRITICAL - 2021-02-18 11:05:21 --> Cannot add or update a child row: a foreign key constraint fails (`solimaq`.`users`, CONSTRAINT `user-group` FOREIGN KEY (`id_group`) REFERENCES `groups` (`id`) ON DELETE CASCADE)
#0 /Library/WebServer/Documents/solimaq/system/Database/MySQLi/Connection.php(314): mysqli->query('INSERT INTO `us...')
#1 /Library/WebServer/Documents/solimaq/system/Database/BaseConnection.php(713): CodeIgniter\Database\MySQLi\Connection->execute('INSERT INTO `us...')
#2 /Library/WebServer/Documents/solimaq/system/Database/BaseConnection.php(641): CodeIgniter\Database\BaseConnection->simpleQuery('INSERT INTO `us...')
#3 /Library/WebServer/Documents/solimaq/system/Database/BaseBuilder.php(2263): CodeIgniter\Database\BaseConnection->query('INSERT INTO `us...', Array, false)
#4 /Library/WebServer/Documents/solimaq/app/Models/Model_user/User.php(25): CodeIgniter\Database\BaseBuilder->insert(Array)
#5 /Library/WebServer/Documents/solimaq/app/Controllers/Users.php(110): App\Models\User->insert_user(Array)
#6 /Library/WebServer/Documents/solimaq/system/CodeIgniter.php(936): App\Controllers\Users->insert_client()
#7 /Library/WebServer/Documents/solimaq/system/CodeIgniter.php(432): CodeIgniter\CodeIgniter->runController(Object(App\Controllers\Users))
#8 /Library/WebServer/Documents/solimaq/system/CodeIgniter.php(333): CodeIgniter\CodeIgniter->handleRequest(NULL, Object(Config\Cache), false)
#9 /Library/WebServer/Documents/solimaq/public/index.php(44): CodeIgniter\CodeIgniter->run()
#10 {main}
ERROR - 2021-02-18 11:05:46 --> mysqli_sql_exception: Cannot add or update a child row: a foreign key constraint fails (`solimaq`.`users`, CONSTRAINT `user-group` FOREIGN KEY (`id_group`) REFERENCES `groups` (`id`) ON DELETE CASCADE) in /Library/WebServer/Documents/solimaq/system/Database/MySQLi/Connection.php:314
Stack trace:
#0 /Library/WebServer/Documents/solimaq/system/Database/MySQLi/Connection.php(314): mysqli->query('INSERT INTO `us...')
#1 /Library/WebServer/Documents/solimaq/system/Database/BaseConnection.php(713): CodeIgniter\Database\MySQLi\Connection->execute('INSERT INTO `us...')
#2 /Library/WebServer/Documents/solimaq/system/Database/BaseConnection.php(641): CodeIgniter\Database\BaseConnection->simpleQuery('INSERT INTO `us...')
#3 /Library/WebServer/Documents/solimaq/system/Database/BaseBuilder.php(2263): CodeIgniter\Database\BaseConnection->query('INSERT INTO `us...', Array, false)
#4 /Library/WebServer/Documents/solimaq/app/Models/Model_user/User.php(25): CodeIgniter\Database\BaseBuilder->insert(Array)
#5 /Library/WebServer/Documents/solimaq/app/Controllers/Users.php(110): App\Models\User->insert_user(Array)
#6 /Library/WebServer/Documents/solimaq/system/CodeIgniter.php(936): App\Controllers\Users->insert_client()
#7 /Library/WebServer/Documents/solimaq/system/CodeIgniter.php(432): CodeIgniter\CodeIgniter->runController(Object(App\Controllers\Users))
#8 /Library/WebServer/Documents/solimaq/system/CodeIgniter.php(333): CodeIgniter\CodeIgniter->handleRequest(NULL, Object(Config\Cache), false)
#9 /Library/WebServer/Documents/solimaq/public/index.php(44): CodeIgniter\CodeIgniter->run()
#10 {main}
CRITICAL - 2021-02-18 11:05:46 --> Cannot add or update a child row: a foreign key constraint fails (`solimaq`.`users`, CONSTRAINT `user-group` FOREIGN KEY (`id_group`) REFERENCES `groups` (`id`) ON DELETE CASCADE)
#0 /Library/WebServer/Documents/solimaq/system/Database/MySQLi/Connection.php(314): mysqli->query('INSERT INTO `us...')
#1 /Library/WebServer/Documents/solimaq/system/Database/BaseConnection.php(713): CodeIgniter\Database\MySQLi\Connection->execute('INSERT INTO `us...')
#2 /Library/WebServer/Documents/solimaq/system/Database/BaseConnection.php(641): CodeIgniter\Database\BaseConnection->simpleQuery('INSERT INTO `us...')
#3 /Library/WebServer/Documents/solimaq/system/Database/BaseBuilder.php(2263): CodeIgniter\Database\BaseConnection->query('INSERT INTO `us...', Array, false)
#4 /Library/WebServer/Documents/solimaq/app/Models/Model_user/User.php(25): CodeIgniter\Database\BaseBuilder->insert(Array)
#5 /Library/WebServer/Documents/solimaq/app/Controllers/Users.php(110): App\Models\User->insert_user(Array)
#6 /Library/WebServer/Documents/solimaq/system/CodeIgniter.php(936): App\Controllers\Users->insert_client()
#7 /Library/WebServer/Documents/solimaq/system/CodeIgniter.php(432): CodeIgniter\CodeIgniter->runController(Object(App\Controllers\Users))
#8 /Library/WebServer/Documents/solimaq/system/CodeIgniter.php(333): CodeIgniter\CodeIgniter->handleRequest(NULL, Object(Config\Cache), false)
#9 /Library/WebServer/Documents/solimaq/public/index.php(44): CodeIgniter\CodeIgniter->run()
#10 {main}
ERROR - 2021-02-18 14:39:51 --> mysqli_sql_exception: You have an error in your SQL syntax; check the manual that corresponds to your MySQL server version for the right syntax to use near 'AND modules.id_group_module = 1' at line 1 in /Library/WebServer/Documents/solimaq/system/Database/MySQLi/Connection.php:314
Stack trace:
#0 /Library/WebServer/Documents/solimaq/system/Database/MySQLi/Connection.php(314): mysqli->query('SELECT modules....')
#1 /Library/WebServer/Documents/solimaq/system/Database/BaseConnection.php(713): CodeIgniter\Database\MySQLi\Connection->execute('SELECT modules....')
#2 /Library/WebServer/Documents/solimaq/system/Database/BaseConnection.php(641): CodeIgniter\Database\BaseConnection->simpleQuery('SELECT modules....')
#3 /Library/WebServer/Documents/solimaq/app/Models/session/access.php(25): CodeIgniter\Database\BaseConnection->query('SELECT modules....')
#4 /Library/WebServer/Documents/solimaq/app/Helpers/menu_helper.php(14): App\Models\Access->getPermisions(NULL, '1')
#5 /Library/WebServer/Documents/solimaq/app/Controllers/Inicio.php(24): get_menu()
#6 /Library/WebServer/Documents/solimaq/system/CodeIgniter.php(936): App\Controllers\inicio->index()
#7 /Library/WebServer/Documents/solimaq/system/CodeIgniter.php(432): CodeIgniter\CodeIgniter->runController(Object(App\Controllers\inicio))
#8 /Library/WebServer/Documents/solimaq/system/CodeIgniter.php(333): CodeIgniter\CodeIgniter->handleRequest(NULL, Object(Config\Cache), false)
#9 /Library/WebServer/Documents/solimaq/public/index.php(44): CodeIgniter\CodeIgniter->run()
#10 {main}
CRITICAL - 2021-02-18 14:39:51 --> You have an error in your SQL syntax; check the manual that corresponds to your MySQL server version for the right syntax to use near 'AND modules.id_group_module = 1' at line 1
#0 /Library/WebServer/Documents/solimaq/system/Database/MySQLi/Connection.php(314): mysqli->query('SELECT modules....')
#1 /Library/WebServer/Documents/solimaq/system/Database/BaseConnection.php(713): CodeIgniter\Database\MySQLi\Connection->execute('SELECT modules....')
#2 /Library/WebServer/Documents/solimaq/system/Database/BaseConnection.php(641): CodeIgniter\Database\BaseConnection->simpleQuery('SELECT modules....')
#3 /Library/WebServer/Documents/solimaq/app/Models/session/access.php(25): CodeIgniter\Database\BaseConnection->query('SELECT modules....')
#4 /Library/WebServer/Documents/solimaq/app/Helpers/menu_helper.php(14): App\Models\Access->getPermisions(NULL, '1')
#5 /Library/WebServer/Documents/solimaq/app/Controllers/Inicio.php(24): get_menu()
#6 /Library/WebServer/Documents/solimaq/system/CodeIgniter.php(936): App\Controllers\inicio->index()
#7 /Library/WebServer/Documents/solimaq/system/CodeIgniter.php(432): CodeIgniter\CodeIgniter->runController(Object(App\Controllers\inicio))
#8 /Library/WebServer/Documents/solimaq/system/CodeIgniter.php(333): CodeIgniter\CodeIgniter->handleRequest(NULL, Object(Config\Cache), false)
#9 /Library/WebServer/Documents/solimaq/public/index.php(44): CodeIgniter\CodeIgniter->run()
#10 {main}
ERROR - 2021-02-18 14:40:08 --> mysqli_sql_exception: You have an error in your SQL syntax; check the manual that corresponds to your MySQL server version for the right syntax to use near 'AND modules.id_group_module = 1' at line 1 in /Library/WebServer/Documents/solimaq/system/Database/MySQLi/Connection.php:314
Stack trace:
#0 /Library/WebServer/Documents/solimaq/system/Database/MySQLi/Connection.php(314): mysqli->query('SELECT modules....')
#1 /Library/WebServer/Documents/solimaq/system/Database/BaseConnection.php(713): CodeIgniter\Database\MySQLi\Connection->execute('SELECT modules....')
#2 /Library/WebServer/Documents/solimaq/system/Database/BaseConnection.php(641): CodeIgniter\Database\BaseConnection->simpleQuery('SELECT modules....')
#3 /Library/WebServer/Documents/solimaq/app/Models/session/access.php(25): CodeIgniter\Database\BaseConnection->query('SELECT modules....')
#4 /Library/WebServer/Documents/solimaq/app/Helpers/menu_helper.php(14): App\Models\Access->getPermisions(NULL, '1')
#5 /Library/WebServer/Documents/solimaq/app/Controllers/Users.php(10): get_menu()
#6 /Library/WebServer/Documents/solimaq/system/CodeIgniter.php(936): App\Controllers\Users->index()
#7 /Library/WebServer/Documents/solimaq/system/CodeIgniter.php(432): CodeIgniter\CodeIgniter->runController(Object(App\Controllers\Users))
#8 /Library/WebServer/Documents/solimaq/system/CodeIgniter.php(333): CodeIgniter\CodeIgniter->handleRequest(NULL, Object(Config\Cache), false)
#9 /Library/WebServer/Documents/solimaq/public/index.php(44): CodeIgniter\CodeIgniter->run()
#10 {main}
CRITICAL - 2021-02-18 14:40:08 --> You have an error in your SQL syntax; check the manual that corresponds to your MySQL server version for the right syntax to use near 'AND modules.id_group_module = 1' at line 1
#0 /Library/WebServer/Documents/solimaq/system/Database/MySQLi/Connection.php(314): mysqli->query('SELECT modules....')
#1 /Library/WebServer/Documents/solimaq/system/Database/BaseConnection.php(713): CodeIgniter\Database\MySQLi\Connection->execute('SELECT modules....')
#2 /Library/WebServer/Documents/solimaq/system/Database/BaseConnection.php(641): CodeIgniter\Database\BaseConnection->simpleQuery('SELECT modules....')
#3 /Library/WebServer/Documents/solimaq/app/Models/session/access.php(25): CodeIgniter\Database\BaseConnection->query('SELECT modules....')
#4 /Library/WebServer/Documents/solimaq/app/Helpers/menu_helper.php(14): App\Models\Access->getPermisions(NULL, '1')
#5 /Library/WebServer/Documents/solimaq/app/Controllers/Users.php(10): get_menu()
#6 /Library/WebServer/Documents/solimaq/system/CodeIgniter.php(936): App\Controllers\Users->index()
#7 /Library/WebServer/Documents/solimaq/system/CodeIgniter.php(432): CodeIgniter\CodeIgniter->runController(Object(App\Controllers\Users))
#8 /Library/WebServer/Documents/solimaq/system/CodeIgniter.php(333): CodeIgniter\CodeIgniter->handleRequest(NULL, Object(Config\Cache), false)
#9 /Library/WebServer/Documents/solimaq/public/index.php(44): CodeIgniter\CodeIgniter->run()
#10 {main}
CRITICAL - 2021-02-18 15:21:42 --> Undefined index: id_delete
#0 /Library/WebServer/Documents/solimaq/app/Controllers/ProductController.php(108): CodeIgniter\Debug\Exceptions->errorHandler(8, 'Undefined index...', '/Library/WebSer...', 108, Array)
#1 /Library/WebServer/Documents/solimaq/system/CodeIgniter.php(936): App\Controllers\ProductController->delete_product()
#2 /Library/WebServer/Documents/solimaq/system/CodeIgniter.php(432): CodeIgniter\CodeIgniter->runController(Object(App\Controllers\ProductController))
#3 /Library/WebServer/Documents/solimaq/system/CodeIgniter.php(333): CodeIgniter\CodeIgniter->handleRequest(NULL, Object(Config\Cache), false)
#4 /Library/WebServer/Documents/solimaq/public/index.php(44): CodeIgniter\CodeIgniter->run()