CRITICAL - 2021-02-02 18:03:43 --> Invalid file: signin.php
#0 /Library/WebServer/Documents/solimaq/system/View/View.php(203): CodeIgniter\Exceptions\FrameworkException::forInvalidFile('signin.php')
#1 /Library/WebServer/Documents/solimaq/system/Common.php(1217): CodeIgniter\View\View->render('signin', Array, true)
#2 /Library/WebServer/Documents/solimaq/app/Controllers/Home.php(9): view('signin')
#3 /Library/WebServer/Documents/solimaq/system/CodeIgniter.php(936): App\Controllers\Home->index()
#4 /Library/WebServer/Documents/solimaq/system/CodeIgniter.php(432): CodeIgniter\CodeIgniter->runController(Object(App\Controllers\Home))
#5 /Library/WebServer/Documents/solimaq/system/CodeIgniter.php(333): CodeIgniter\CodeIgniter->handleRequest(NULL, Object(Config\Cache), false)
#6 /Library/WebServer/Documents/solimaq/public/index.php(44): CodeIgniter\CodeIgniter->run()
#7 {main}
CRITICAL - 2021-02-02 19:34:35 --> Undefined property: App\Controllers\inicio::$load
#0 /Library/WebServer/Documents/solimaq/app/Controllers/Inicio.php(9): CodeIgniter\Debug\Exceptions->errorHandler(8, 'Undefined prope...', '/Library/WebSer...', 9, Array)
#1 /Library/WebServer/Documents/solimaq/system/CodeIgniter.php(936): App\Controllers\inicio->index()
#2 /Library/WebServer/Documents/solimaq/system/CodeIgniter.php(432): CodeIgniter\CodeIgniter->runController(Object(App\Controllers\inicio))
#3 /Library/WebServer/Documents/solimaq/system/CodeIgniter.php(333): CodeIgniter\CodeIgniter->handleRequest(NULL, Object(Config\Cache), false)
#4 /Library/WebServer/Documents/solimaq/public/index.php(44): CodeIgniter\CodeIgniter->run()
#5 {main}
CRITICAL - 2021-02-02 19:34:38 --> Undefined property: App\Controllers\inicio::$load
#0 /Library/WebServer/Documents/solimaq/app/Controllers/Inicio.php(9): CodeIgniter\Debug\Exceptions->errorHandler(8, 'Undefined prope...', '/Library/WebSer...', 9, Array)
#1 /Library/WebServer/Documents/solimaq/system/CodeIgniter.php(936): App\Controllers\inicio->index()
#2 /Library/WebServer/Documents/solimaq/system/CodeIgniter.php(432): CodeIgniter\CodeIgniter->runController(Object(App\Controllers\inicio))
#3 /Library/WebServer/Documents/solimaq/system/CodeIgniter.php(333): CodeIgniter\CodeIgniter->handleRequest(NULL, Object(Config\Cache), false)
#4 /Library/WebServer/Documents/solimaq/public/index.php(44): CodeIgniter\CodeIgniter->run()
#5 {main}
