ERROR - 2022-08-08 15:47:40 --> mysqli_sql_exception: Column 'Marca' cannot be null in /var/www/html/solimaq/system/Database/MySQLi/Connection.php:314
Stack trace:
#0 /var/www/html/solimaq/system/Database/MySQLi/Connection.php(314): mysqli->query()
#1 /var/www/html/solimaq/system/Database/BaseConnection.php(713): CodeIgniter\Database\MySQLi\Connection->execute()
#2 /var/www/html/solimaq/system/Database/BaseConnection.php(641): CodeIgniter\Database\BaseConnection->simpleQuery()
#3 /var/www/html/solimaq/system/Database/BaseBuilder.php(2263): CodeIgniter\Database\BaseConnection->query()
#4 /var/www/html/solimaq/app/Models/Model_proveedor/Model_proveedor.php(28): CodeIgniter\Database\BaseBuilder->insert()
#5 /var/www/html/solimaq/app/Controllers/Proveedores.php(225): App\Models\Model_proveedor->insert_proveedor()
#6 /var/www/html/solimaq/system/CodeIgniter.php(936): App\Controllers\Proveedores->agregar()
#7 /var/www/html/solimaq/system/CodeIgniter.php(432): CodeIgniter\CodeIgniter->runController()
#8 /var/www/html/solimaq/system/CodeIgniter.php(333): CodeIgniter\CodeIgniter->handleRequest()
#9 /var/www/html/solimaq/public/index.php(44): CodeIgniter\CodeIgniter->run()
#10 {main}
CRITICAL - 2022-08-08 15:47:40 --> Column 'Marca' cannot be null
#0 /var/www/html/solimaq/system/Database/MySQLi/Connection.php(314): mysqli->query()
#1 /var/www/html/solimaq/system/Database/BaseConnection.php(713): CodeIgniter\Database\MySQLi\Connection->execute()
#2 /var/www/html/solimaq/system/Database/BaseConnection.php(641): CodeIgniter\Database\BaseConnection->simpleQuery()
#3 /var/www/html/solimaq/system/Database/BaseBuilder.php(2263): CodeIgniter\Database\BaseConnection->query()
#4 /var/www/html/solimaq/app/Models/Model_proveedor/Model_proveedor.php(28): CodeIgniter\Database\BaseBuilder->insert()
#5 /var/www/html/solimaq/app/Controllers/Proveedores.php(225): App\Models\Model_proveedor->insert_proveedor()
#6 /var/www/html/solimaq/system/CodeIgniter.php(936): App\Controllers\Proveedores->agregar()
#7 /var/www/html/solimaq/system/CodeIgniter.php(432): CodeIgniter\CodeIgniter->runController()
#8 /var/www/html/solimaq/system/CodeIgniter.php(333): CodeIgniter\CodeIgniter->handleRequest()
#9 /var/www/html/solimaq/public/index.php(44): CodeIgniter\CodeIgniter->run()
#10 {main}
ERROR - 2022-08-08 15:47:46 --> mysqli_sql_exception: Column 'Marca' cannot be null in /var/www/html/solimaq/system/Database/MySQLi/Connection.php:314
Stack trace:
#0 /var/www/html/solimaq/system/Database/MySQLi/Connection.php(314): mysqli->query()
#1 /var/www/html/solimaq/system/Database/BaseConnection.php(713): CodeIgniter\Database\MySQLi\Connection->execute()
#2 /var/www/html/solimaq/system/Database/BaseConnection.php(641): CodeIgniter\Database\BaseConnection->simpleQuery()
#3 /var/www/html/solimaq/system/Database/BaseBuilder.php(2263): CodeIgniter\Database\BaseConnection->query()
#4 /var/www/html/solimaq/app/Models/Model_proveedor/Model_proveedor.php(28): CodeIgniter\Database\BaseBuilder->insert()
#5 /var/www/html/solimaq/app/Controllers/Proveedores.php(225): App\Models\Model_proveedor->insert_proveedor()
#6 /var/www/html/solimaq/system/CodeIgniter.php(936): App\Controllers\Proveedores->agregar()
#7 /var/www/html/solimaq/system/CodeIgniter.php(432): CodeIgniter\CodeIgniter->runController()
#8 /var/www/html/solimaq/system/CodeIgniter.php(333): CodeIgniter\CodeIgniter->handleRequest()
#9 /var/www/html/solimaq/public/index.php(44): CodeIgniter\CodeIgniter->run()
#10 {main}
CRITICAL - 2022-08-08 15:47:46 --> Column 'Marca' cannot be null
#0 /var/www/html/solimaq/system/Database/MySQLi/Connection.php(314): mysqli->query()
#1 /var/www/html/solimaq/system/Database/BaseConnection.php(713): CodeIgniter\Database\MySQLi\Connection->execute()
#2 /var/www/html/solimaq/system/Database/BaseConnection.php(641): CodeIgniter\Database\BaseConnection->simpleQuery()
#3 /var/www/html/solimaq/system/Database/BaseBuilder.php(2263): CodeIgniter\Database\BaseConnection->query()
#4 /var/www/html/solimaq/app/Models/Model_proveedor/Model_proveedor.php(28): CodeIgniter\Database\BaseBuilder->insert()
#5 /var/www/html/solimaq/app/Controllers/Proveedores.php(225): App\Models\Model_proveedor->insert_proveedor()
#6 /var/www/html/solimaq/system/CodeIgniter.php(936): App\Controllers\Proveedores->agregar()
#7 /var/www/html/solimaq/system/CodeIgniter.php(432): CodeIgniter\CodeIgniter->runController()
#8 /var/www/html/solimaq/system/CodeIgniter.php(333): CodeIgniter\CodeIgniter->handleRequest()
#9 /var/www/html/solimaq/public/index.php(44): CodeIgniter\CodeIgniter->run()
#10 {main}
CRITICAL - 2022-08-08 17:23:27 --> count(): Parameter must be an array or an object that implements Countable
#0 [internal function]: CodeIgniter\Debug\Exceptions->errorHandler()
#1 /var/www/html/solimaq/app/Controllers/Proveedores.php(210): count()
#2 /var/www/html/solimaq/system/CodeIgniter.php(936): App\Controllers\Proveedores->agregar()
#3 /var/www/html/solimaq/system/CodeIgniter.php(432): CodeIgniter\CodeIgniter->runController()
#4 /var/www/html/solimaq/system/CodeIgniter.php(333): CodeIgniter\CodeIgniter->handleRequest()
#5 /var/www/html/solimaq/public/index.php(44): CodeIgniter\CodeIgniter->run()
#6 {main}
CRITICAL - 2022-08-08 17:29:57 --> Call to a member function getRandomName() on null
#0 /var/www/html/solimaq/system/CodeIgniter.php(936): App\Controllers\Proveedores->agregar()
#1 /var/www/html/solimaq/system/CodeIgniter.php(432): CodeIgniter\CodeIgniter->runController()
#2 /var/www/html/solimaq/system/CodeIgniter.php(333): CodeIgniter\CodeIgniter->handleRequest()
#3 /var/www/html/solimaq/public/index.php(44): CodeIgniter\CodeIgniter->run()
#4 {main}
