ERROR - 2021-02-17 11:11:35 --> mysqli_sql_exception: You have an error in your SQL syntax; check the manual that corresponds to your MySQL server version for the right syntax to use near 'AND access.id_module = 1' at line 1 in /Library/WebServer/Documents/solimaq/system/Database/MySQLi/Connection.php:314
Stack trace:
#0 /Library/WebServer/Documents/solimaq/system/Database/MySQLi/Connection.php(314): mysqli->query('SELECT modules....')
#1 /Library/WebServer/Documents/solimaq/system/Database/BaseConnection.php(713): CodeIgniter\Database\MySQLi\Connection->execute('SELECT modules....')
#2 /Library/WebServer/Documents/solimaq/system/Database/BaseConnection.php(641): CodeIgniter\Database\BaseConnection->simpleQuery('SELECT modules....')
#3 /Library/WebServer/Documents/solimaq/app/Models/session/access.php(25): CodeIgniter\Database\BaseConnection->query('SELECT modules....')
#4 /Library/WebServer/Documents/solimaq/app/Helpers/menu_helper.php(14): App\Models\Access->getPermisions(NULL, '1')
#5 /Library/WebServer/Documents/solimaq/app/Controllers/Inicio.php(17): get_menu()
#6 /Library/WebServer/Documents/solimaq/system/CodeIgniter.php(936): App\Controllers\inicio->index()
#7 /Library/WebServer/Documents/solimaq/system/CodeIgniter.php(432): CodeIgniter\CodeIgniter->runController(Object(App\Controllers\inicio))
#8 /Library/WebServer/Documents/solimaq/system/CodeIgniter.php(333): CodeIgniter\CodeIgniter->handleRequest(NULL, Object(Config\Cache), false)
#9 /Library/WebServer/Documents/solimaq/public/index.php(44): CodeIgniter\CodeIgniter->run()
#10 {main}
CRITICAL - 2021-02-17 11:11:35 --> You have an error in your SQL syntax; check the manual that corresponds to your MySQL server version for the right syntax to use near 'AND access.id_module = 1' at line 1
#0 /Library/WebServer/Documents/solimaq/system/Database/MySQLi/Connection.php(314): mysqli->query('SELECT modules....')
#1 /Library/WebServer/Documents/solimaq/system/Database/BaseConnection.php(713): CodeIgniter\Database\MySQLi\Connection->execute('SELECT modules....')
#2 /Library/WebServer/Documents/solimaq/system/Database/BaseConnection.php(641): CodeIgniter\Database\BaseConnection->simpleQuery('SELECT modules....')
#3 /Library/WebServer/Documents/solimaq/app/Models/session/access.php(25): CodeIgniter\Database\BaseConnection->query('SELECT modules....')
#4 /Library/WebServer/Documents/solimaq/app/Helpers/menu_helper.php(14): App\Models\Access->getPermisions(NULL, '1')
#5 /Library/WebServer/Documents/solimaq/app/Controllers/Inicio.php(17): get_menu()
#6 /Library/WebServer/Documents/solimaq/system/CodeIgniter.php(936): App\Controllers\inicio->index()
#7 /Library/WebServer/Documents/solimaq/system/CodeIgniter.php(432): CodeIgniter\CodeIgniter->runController(Object(App\Controllers\inicio))
#8 /Library/WebServer/Documents/solimaq/system/CodeIgniter.php(333): CodeIgniter\CodeIgniter->handleRequest(NULL, Object(Config\Cache), false)
#9 /Library/WebServer/Documents/solimaq/public/index.php(44): CodeIgniter\CodeIgniter->run()
#10 {main}
ERROR - 2021-02-17 11:11:40 --> mysqli_sql_exception: You have an error in your SQL syntax; check the manual that corresponds to your MySQL server version for the right syntax to use near 'AND access.id_module = 1' at line 1 in /Library/WebServer/Documents/solimaq/system/Database/MySQLi/Connection.php:314
Stack trace:
#0 /Library/WebServer/Documents/solimaq/system/Database/MySQLi/Connection.php(314): mysqli->query('SELECT modules....')
#1 /Library/WebServer/Documents/solimaq/system/Database/BaseConnection.php(713): CodeIgniter\Database\MySQLi\Connection->execute('SELECT modules....')
#2 /Library/WebServer/Documents/solimaq/system/Database/BaseConnection.php(641): CodeIgniter\Database\BaseConnection->simpleQuery('SELECT modules....')
#3 /Library/WebServer/Documents/solimaq/app/Models/session/access.php(25): CodeIgniter\Database\BaseConnection->query('SELECT modules....')
#4 /Library/WebServer/Documents/solimaq/app/Helpers/menu_helper.php(14): App\Models\Access->getPermisions(NULL, '1')
#5 /Library/WebServer/Documents/solimaq/app/Controllers/Inicio.php(17): get_menu()
#6 /Library/WebServer/Documents/solimaq/system/CodeIgniter.php(936): App\Controllers\inicio->index()
#7 /Library/WebServer/Documents/solimaq/system/CodeIgniter.php(432): CodeIgniter\CodeIgniter->runController(Object(App\Controllers\inicio))
#8 /Library/WebServer/Documents/solimaq/system/CodeIgniter.php(333): CodeIgniter\CodeIgniter->handleRequest(NULL, Object(Config\Cache), false)
#9 /Library/WebServer/Documents/solimaq/public/index.php(44): CodeIgniter\CodeIgniter->run()
#10 {main}
CRITICAL - 2021-02-17 11:11:40 --> You have an error in your SQL syntax; check the manual that corresponds to your MySQL server version for the right syntax to use near 'AND access.id_module = 1' at line 1
#0 /Library/WebServer/Documents/solimaq/system/Database/MySQLi/Connection.php(314): mysqli->query('SELECT modules....')
#1 /Library/WebServer/Documents/solimaq/system/Database/BaseConnection.php(713): CodeIgniter\Database\MySQLi\Connection->execute('SELECT modules....')
#2 /Library/WebServer/Documents/solimaq/system/Database/BaseConnection.php(641): CodeIgniter\Database\BaseConnection->simpleQuery('SELECT modules....')
#3 /Library/WebServer/Documents/solimaq/app/Models/session/access.php(25): CodeIgniter\Database\BaseConnection->query('SELECT modules....')
#4 /Library/WebServer/Documents/solimaq/app/Helpers/menu_helper.php(14): App\Models\Access->getPermisions(NULL, '1')
#5 /Library/WebServer/Documents/solimaq/app/Controllers/Inicio.php(17): get_menu()
#6 /Library/WebServer/Documents/solimaq/system/CodeIgniter.php(936): App\Controllers\inicio->index()
#7 /Library/WebServer/Documents/solimaq/system/CodeIgniter.php(432): CodeIgniter\CodeIgniter->runController(Object(App\Controllers\inicio))
#8 /Library/WebServer/Documents/solimaq/system/CodeIgniter.php(333): CodeIgniter\CodeIgniter->handleRequest(NULL, Object(Config\Cache), false)
#9 /Library/WebServer/Documents/solimaq/public/index.php(44): CodeIgniter\CodeIgniter->run()
#10 {main}
ERROR - 2021-02-17 11:12:11 --> mysqli_sql_exception: You have an error in your SQL syntax; check the manual that corresponds to your MySQL server version for the right syntax to use near 'AND access.id_module = 1' at line 1 in /Library/WebServer/Documents/solimaq/system/Database/MySQLi/Connection.php:314
Stack trace:
#0 /Library/WebServer/Documents/solimaq/system/Database/MySQLi/Connection.php(314): mysqli->query('SELECT modules....')
#1 /Library/WebServer/Documents/solimaq/system/Database/BaseConnection.php(713): CodeIgniter\Database\MySQLi\Connection->execute('SELECT modules....')
#2 /Library/WebServer/Documents/solimaq/system/Database/BaseConnection.php(641): CodeIgniter\Database\BaseConnection->simpleQuery('SELECT modules....')
#3 /Library/WebServer/Documents/solimaq/app/Models/session/access.php(25): CodeIgniter\Database\BaseConnection->query('SELECT modules....')
#4 /Library/WebServer/Documents/solimaq/app/Helpers/menu_helper.php(14): App\Models\Access->getPermisions(NULL, '1')
#5 /Library/WebServer/Documents/solimaq/app/Controllers/Inicio.php(17): get_menu()
#6 /Library/WebServer/Documents/solimaq/system/CodeIgniter.php(936): App\Controllers\inicio->index()
#7 /Library/WebServer/Documents/solimaq/system/CodeIgniter.php(432): CodeIgniter\CodeIgniter->runController(Object(App\Controllers\inicio))
#8 /Library/WebServer/Documents/solimaq/system/CodeIgniter.php(333): CodeIgniter\CodeIgniter->handleRequest(NULL, Object(Config\Cache), false)
#9 /Library/WebServer/Documents/solimaq/public/index.php(44): CodeIgniter\CodeIgniter->run()
#10 {main}
CRITICAL - 2021-02-17 11:12:11 --> You have an error in your SQL syntax; check the manual that corresponds to your MySQL server version for the right syntax to use near 'AND access.id_module = 1' at line 1
#0 /Library/WebServer/Documents/solimaq/system/Database/MySQLi/Connection.php(314): mysqli->query('SELECT modules....')
#1 /Library/WebServer/Documents/solimaq/system/Database/BaseConnection.php(713): CodeIgniter\Database\MySQLi\Connection->execute('SELECT modules....')
#2 /Library/WebServer/Documents/solimaq/system/Database/BaseConnection.php(641): CodeIgniter\Database\BaseConnection->simpleQuery('SELECT modules....')
#3 /Library/WebServer/Documents/solimaq/app/Models/session/access.php(25): CodeIgniter\Database\BaseConnection->query('SELECT modules....')
#4 /Library/WebServer/Documents/solimaq/app/Helpers/menu_helper.php(14): App\Models\Access->getPermisions(NULL, '1')
#5 /Library/WebServer/Documents/solimaq/app/Controllers/Inicio.php(17): get_menu()
#6 /Library/WebServer/Documents/solimaq/system/CodeIgniter.php(936): App\Controllers\inicio->index()
#7 /Library/WebServer/Documents/solimaq/system/CodeIgniter.php(432): CodeIgniter\CodeIgniter->runController(Object(App\Controllers\inicio))
#8 /Library/WebServer/Documents/solimaq/system/CodeIgniter.php(333): CodeIgniter\CodeIgniter->handleRequest(NULL, Object(Config\Cache), false)
#9 /Library/WebServer/Documents/solimaq/public/index.php(44): CodeIgniter\CodeIgniter->run()
#10 {main}
ERROR - 2021-02-17 11:12:28 --> mysqli_sql_exception: You have an error in your SQL syntax; check the manual that corresponds to your MySQL server version for the right syntax to use near 'AND access.id_module = 1' at line 1 in /Library/WebServer/Documents/solimaq/system/Database/MySQLi/Connection.php:314
Stack trace:
#0 /Library/WebServer/Documents/solimaq/system/Database/MySQLi/Connection.php(314): mysqli->query('SELECT modules....')
#1 /Library/WebServer/Documents/solimaq/system/Database/BaseConnection.php(713): CodeIgniter\Database\MySQLi\Connection->execute('SELECT modules....')
#2 /Library/WebServer/Documents/solimaq/system/Database/BaseConnection.php(641): CodeIgniter\Database\BaseConnection->simpleQuery('SELECT modules....')
#3 /Library/WebServer/Documents/solimaq/app/Models/session/access.php(25): CodeIgniter\Database\BaseConnection->query('SELECT modules....')
#4 /Library/WebServer/Documents/solimaq/app/Helpers/menu_helper.php(14): App\Models\Access->getPermisions(NULL, '1')
#5 /Library/WebServer/Documents/solimaq/app/Controllers/Inicio.php(24): get_menu()
#6 /Library/WebServer/Documents/solimaq/system/CodeIgniter.php(936): App\Controllers\inicio->index()
#7 /Library/WebServer/Documents/solimaq/system/CodeIgniter.php(432): CodeIgniter\CodeIgniter->runController(Object(App\Controllers\inicio))
#8 /Library/WebServer/Documents/solimaq/system/CodeIgniter.php(333): CodeIgniter\CodeIgniter->handleRequest(NULL, Object(Config\Cache), false)
#9 /Library/WebServer/Documents/solimaq/public/index.php(44): CodeIgniter\CodeIgniter->run()
#10 {main}
CRITICAL - 2021-02-17 11:12:28 --> You have an error in your SQL syntax; check the manual that corresponds to your MySQL server version for the right syntax to use near 'AND access.id_module = 1' at line 1
#0 /Library/WebServer/Documents/solimaq/system/Database/MySQLi/Connection.php(314): mysqli->query('SELECT modules....')
#1 /Library/WebServer/Documents/solimaq/system/Database/BaseConnection.php(713): CodeIgniter\Database\MySQLi\Connection->execute('SELECT modules....')
#2 /Library/WebServer/Documents/solimaq/system/Database/BaseConnection.php(641): CodeIgniter\Database\BaseConnection->simpleQuery('SELECT modules....')
#3 /Library/WebServer/Documents/solimaq/app/Models/session/access.php(25): CodeIgniter\Database\BaseConnection->query('SELECT modules....')
#4 /Library/WebServer/Documents/solimaq/app/Helpers/menu_helper.php(14): App\Models\Access->getPermisions(NULL, '1')
#5 /Library/WebServer/Documents/solimaq/app/Controllers/Inicio.php(24): get_menu()
#6 /Library/WebServer/Documents/solimaq/system/CodeIgniter.php(936): App\Controllers\inicio->index()
#7 /Library/WebServer/Documents/solimaq/system/CodeIgniter.php(432): CodeIgniter\CodeIgniter->runController(Object(App\Controllers\inicio))
#8 /Library/WebServer/Documents/solimaq/system/CodeIgniter.php(333): CodeIgniter\CodeIgniter->handleRequest(NULL, Object(Config\Cache), false)
#9 /Library/WebServer/Documents/solimaq/public/index.php(44): CodeIgniter\CodeIgniter->run()
#10 {main}
ERROR - 2021-02-17 14:13:30 --> mysqli_sql_exception: You have an error in your SQL syntax; check the manual that corresponds to your MySQL server version for the right syntax to use near 'AND access.id_module = 1' at line 1 in /Library/WebServer/Documents/solimaq/system/Database/MySQLi/Connection.php:314
Stack trace:
#0 /Library/WebServer/Documents/solimaq/system/Database/MySQLi/Connection.php(314): mysqli->query('SELECT modules....')
#1 /Library/WebServer/Documents/solimaq/system/Database/BaseConnection.php(713): CodeIgniter\Database\MySQLi\Connection->execute('SELECT modules....')
#2 /Library/WebServer/Documents/solimaq/system/Database/BaseConnection.php(641): CodeIgniter\Database\BaseConnection->simpleQuery('SELECT modules....')
#3 /Library/WebServer/Documents/solimaq/app/Models/session/access.php(25): CodeIgniter\Database\BaseConnection->query('SELECT modules....')
#4 /Library/WebServer/Documents/solimaq/app/Helpers/menu_helper.php(14): App\Models\Access->getPermisions(NULL, '1')
#5 /Library/WebServer/Documents/solimaq/app/Controllers/Inicio.php(24): get_menu()
#6 /Library/WebServer/Documents/solimaq/system/CodeIgniter.php(936): App\Controllers\inicio->index()
#7 /Library/WebServer/Documents/solimaq/system/CodeIgniter.php(432): CodeIgniter\CodeIgniter->runController(Object(App\Controllers\inicio))
#8 /Library/WebServer/Documents/solimaq/system/CodeIgniter.php(333): CodeIgniter\CodeIgniter->handleRequest(NULL, Object(Config\Cache), false)