CRITICAL - 2022-07-21 11:46:31 --> Undefined offset: 0
#0 /var/www/html/solimaq/app/Controllers/Notificaciones.php(16): CodeIgniter\Debug\Exceptions->errorHandler()
#1 /var/www/html/solimaq/system/CodeIgniter.php(936): App\Controllers\Notificaciones->obtener_notificaciones()
#2 /var/www/html/solimaq/system/CodeIgniter.php(432): CodeIgniter\CodeIgniter->runController()
#3 /var/www/html/solimaq/system/CodeIgniter.php(333): CodeIgniter\CodeIgniter->handleRequest()
#4 /var/www/html/solimaq/public/index.php(44): CodeIgniter\CodeIgniter->run()
#5 {main}
CRITICAL - 2022-07-21 11:47:31 --> Undefined offset: 0
#0 /var/www/html/solimaq/app/Controllers/Notificaciones.php(16): CodeIgniter\Debug\Exceptions->errorHandler()
#1 /var/www/html/solimaq/system/CodeIgniter.php(936): App\Controllers\Notificaciones->obtener_notificaciones()
#2 /var/www/html/solimaq/system/CodeIgniter.php(432): CodeIgniter\CodeIgniter->runController()
#3 /var/www/html/solimaq/system/CodeIgniter.php(333): CodeIgniter\CodeIgniter->handleRequest()
#4 /var/www/html/solimaq/public/index.php(44): CodeIgniter\CodeIgniter->run()
#5 {main}
CRITICAL - 2022-07-21 11:48:31 --> Undefined offset: 0
#0 /var/www/html/solimaq/app/Controllers/Notificaciones.php(16): CodeIgniter\Debug\Exceptions->errorHandler()
#1 /var/www/html/solimaq/system/CodeIgniter.php(936): App\Controllers\Notificaciones->obtener_notificaciones()
#2 /var/www/html/solimaq/system/CodeIgniter.php(432): CodeIgniter\CodeIgniter->runController()
#3 /var/www/html/solimaq/system/CodeIgniter.php(333): CodeIgniter\CodeIgniter->handleRequest()
#4 /var/www/html/solimaq/public/index.php(44): CodeIgniter\CodeIgniter->run()
#5 {main}
CRITICAL - 2022-07-21 11:49:32 --> Undefined offset: 0
#0 /var/www/html/solimaq/app/Controllers/Notificaciones.php(16): CodeIgniter\Debug\Exceptions->errorHandler()
#1 /var/www/html/solimaq/system/CodeIgniter.php(936): App\Controllers\Notificaciones->obtener_notificaciones()
#2 /var/www/html/solimaq/system/CodeIgniter.php(432): CodeIgniter\CodeIgniter->runController()
#3 /var/www/html/solimaq/system/CodeIgniter.php(333): CodeIgniter\CodeIgniter->handleRequest()
#4 /var/www/html/solimaq/public/index.php(44): CodeIgniter\CodeIgniter->run()
#5 {main}
CRITICAL - 2022-07-21 11:50:32 --> Undefined offset: 0
#0 /var/www/html/solimaq/app/Controllers/Notificaciones.php(16): CodeIgniter\Debug\Exceptions->errorHandler()
#1 /var/www/html/solimaq/system/CodeIgniter.php(936): App\Controllers\Notificaciones->obtener_notificaciones()
#2 /var/www/html/solimaq/system/CodeIgniter.php(432): CodeIgniter\CodeIgniter->runController()
#3 /var/www/html/solimaq/system/CodeIgniter.php(333): CodeIgniter\CodeIgniter->handleRequest()
#4 /var/www/html/solimaq/public/index.php(44): CodeIgniter\CodeIgniter->run()
#5 {main}
CRITICAL - 2022-07-21 11:51:13 --> Undefined offset: 0
#0 /var/www/html/solimaq/app/Controllers/Notificaciones.php(16): CodeIgniter\Debug\Exceptions->errorHandler()
#1 /var/www/html/solimaq/system/CodeIgniter.php(936): App\Controllers\Notificaciones->obtener_notificaciones()
#2 /var/www/html/solimaq/system/CodeIgniter.php(432): CodeIgniter\CodeIgniter->runController()
#3 /var/www/html/solimaq/system/CodeIgniter.php(333): CodeIgniter\CodeIgniter->handleRequest()
#4 /var/www/html/solimaq/public/index.php(44): CodeIgniter\CodeIgniter->run()
#5 {main}
CRITICAL - 2022-07-21 11:52:14 --> Undefined offset: 0
#0 /var/www/html/solimaq/app/Controllers/Notificaciones.php(16): CodeIgniter\Debug\Exceptions->errorHandler()
#1 /var/www/html/solimaq/system/CodeIgniter.php(936): App\Controllers\Notificaciones->obtener_notificaciones()
#2 /var/www/html/solimaq/system/CodeIgniter.php(432): CodeIgniter\CodeIgniter->runController()
#3 /var/www/html/solimaq/system/CodeIgniter.php(333): CodeIgniter\CodeIgniter->handleRequest()
#4 /var/www/html/solimaq/public/index.php(44): CodeIgniter\CodeIgniter->run()
#5 {main}
CRITICAL - 2022-07-21 11:53:14 --> Undefined offset: 0
#0 /var/www/html/solimaq/app/Controllers/Notificaciones.php(16): CodeIgniter\Debug\Exceptions->errorHandler()
#1 /var/www/html/solimaq/system/CodeIgniter.php(936): App\Controllers\Notificaciones->obtener_notificaciones()
#2 /var/www/html/solimaq/system/CodeIgniter.php(432): CodeIgniter\CodeIgniter->runController()
#3 /var/www/html/solimaq/system/CodeIgniter.php(333): CodeIgniter\CodeIgniter->handleRequest()
#4 /var/www/html/solimaq/public/index.php(44): CodeIgniter\CodeIgniter->run()
#5 {main}
CRITICAL - 2022-07-21 11:54:12 --> Undefined offset: 0
#0 /var/www/html/solimaq/app/Controllers/Notificaciones.php(16): CodeIgniter\Debug\Exceptions->errorHandler()
#1 /var/www/html/solimaq/system/CodeIgniter.php(936): App\Controllers\Notificaciones->obtener_notificaciones()
#2 /var/www/html/solimaq/system/CodeIgniter.php(432): CodeIgniter\CodeIgniter->runController()
#3 /var/www/html/solimaq/system/CodeIgniter.php(333): CodeIgniter\CodeIgniter->handleRequest()
#4 /var/www/html/solimaq/public/index.php(44): CodeIgniter\CodeIgniter->run()
#5 {main}
CRITICAL - 2022-07-21 11:54:15 --> Undefined offset: 0
#0 /var/www/html/solimaq/app/Controllers/Notificaciones.php(16): CodeIgniter\Debug\Exceptions->errorHandler()
#1 /var/www/html/solimaq/system/CodeIgniter.php(936): App\Controllers\Notificaciones->obtener_notificaciones()
#2 /var/www/html/solimaq/system/CodeIgniter.php(432): CodeIgniter\CodeIgniter->runController()
#3 /var/www/html/solimaq/system/CodeIgniter.php(333): CodeIgniter\CodeIgniter->handleRequest()
#4 /var/www/html/solimaq/public/index.php(44): CodeIgniter\CodeIgniter->run()
#5 {main}
CRITICAL - 2022-07-21 11:55:15 --> Undefined offset: 0
#0 /var/www/html/solimaq/app/Controllers/Notificaciones.php(16): CodeIgniter\Debug\Exceptions->errorHandler()
#1 /var/www/html/solimaq/system/CodeIgniter.php(936): App\Controllers\Notificaciones->obtener_notificaciones()
#2 /var/www/html/solimaq/system/CodeIgniter.php(432): CodeIgniter\CodeIgniter->runController()
#3 /var/www/html/solimaq/system/CodeIgniter.php(333): CodeIgniter\CodeIgniter->handleRequest()
#4 /var/www/html/solimaq/public/index.php(44): CodeIgniter\CodeIgniter->run()
#5 {main}
CRITICAL - 2022-07-21 11:56:15 --> Undefined offset: 0
#0 /var/www/html/solimaq/app/Controllers/Notificaciones.php(16): CodeIgniter\Debug\Exceptions->errorHandler()
#1 /var/www/html/solimaq/system/CodeIgniter.php(936): App\Controllers\Notificaciones->obtener_notificaciones()
#2 /var/www/html/solimaq/system/CodeIgniter.php(432): CodeIgniter\CodeIgniter->runController()
#3 /var/www/html/solimaq/system/CodeIgniter.php(333): CodeIgniter\CodeIgniter->handleRequest()
#4 /var/www/html/solimaq/public/index.php(44): CodeIgniter\CodeIgniter->run()
#5 {main}
CRITICAL - 2022-07-21 11:57:16 --> Undefined offset: 0
#0 /var/www/html/solimaq/app/Controllers/Notificaciones.php(16): CodeIgniter\Debug\Exceptions->errorHandler()
#1 /var/www/html/solimaq/system/CodeIgniter.php(936): App\Controllers\Notificaciones->obtener_notificaciones()
#2 /var/www/html/solimaq/system/CodeIgniter.php(432): CodeIgniter\CodeIgniter->runController()
#3 /var/www/html/solimaq/system/CodeIgniter.php(333): CodeIgniter\CodeIgniter->handleRequest()
#4 /var/www/html/solimaq/public/index.php(44): CodeIgniter\CodeIgniter->run()
#5 {main}
CRITICAL - 2022-07-21 11:58:16 --> Undefined offset: 0
#0 /var/www/html/solimaq/app/Controllers/Notificaciones.php(16): CodeIgniter\Debug\Exceptions->errorHandler()
#1 /var/www/html/solimaq/system/CodeIgniter.php(936): App\Controllers\Notificaciones->obtener_notificaciones()
#2 /var/www/html/solimaq/system/CodeIgniter.php(432): CodeIgniter\CodeIgniter->runController()
#3 /var/www/html/solimaq/system/CodeIgniter.php(333): CodeIgniter\CodeIgniter->handleRequest()
#4 /var/www/html/solimaq/public/index.php(44): CodeIgniter\CodeIgniter->run()
#5 {main}
CRITICAL - 2022-07-21 11:59:17 --> Undefined offset: 0
#0 /var/www/html/solimaq/app/Controllers/Notificaciones.php(16): CodeIgniter\Debug\Exceptions->errorHandler()
#1 /var/www/html/solimaq/system/CodeIgniter.php(936): App\Controllers\Notificaciones->obtener_notificaciones()
#2 /var/www/html/solimaq/system/CodeIgniter.php(432): CodeIgniter\CodeIgniter->runController()
#3 /var/www/html/solimaq/system/CodeIgniter.php(333): CodeIgniter\CodeIgniter->handleRequest()
#4 /var/www/html/solimaq/public/index.php(44): CodeIgniter\CodeIgniter->run()
#5 {main}
CRITICAL - 2022-07-21 12:00:17 --> Undefined offset: 0
#0 /var/www/html/solimaq/app/Controllers/Notificaciones.php(16): CodeIgniter\Debug\Exceptions->errorHandler()
#1 /var/www/html/solimaq/system/CodeIgniter.php(936): App\Controllers\Notificaciones->obtener_notificaciones()
#2 /var/www/html/solimaq/system/CodeIgniter.php(432): CodeIgniter\CodeIgniter->runController()
#3 /var/www/html/solimaq/system/CodeIgniter.php(333): CodeIgniter\CodeIgniter->handleRequest()
#4 /var/www/html/solimaq/public/index.php(44): CodeIgniter\CodeIgniter->run()
#5 {main}
CRITICAL - 2022-07-21 12:01:17 --> Undefined offset: 0
#0 /var/www/html/solimaq/app/Controllers/Notificaciones.php(16): CodeIgniter\Debug\Exceptions->errorHandler()
#1 /var/www/html/solimaq/system/CodeIgniter.php(936): App\Controllers\Notificaciones->obtener_notificaciones()
#2 /var/www/html/solimaq/system/CodeIgniter.php(432): CodeIgniter\CodeIgniter->runController()
#3 /var/www/html/solimaq/system/CodeIgniter.php(333): CodeIgniter\CodeIgniter->handleRequest()
#4 /var/www/html/solimaq/public/index.php(44): CodeIgniter\CodeIgniter->run()
#5 {main}
CRITICAL - 2022-07-21 12:02:18 --> Undefined offset: 0
#0 /var/www/html/solimaq/app/Controllers/Notificaciones.php(16): CodeIgniter\Debug\Exceptions->errorHandler()
#1 /var/www/html/solimaq/system/CodeIgniter.php(936): App\Controllers\Notificaciones->obtener_notificaciones()
#2 /var/www/html/solimaq/system/CodeIgniter.php(432): CodeIgniter\CodeIgniter->runController()
#3 /var/www/html/solimaq/system/CodeIgniter.php(333): CodeIgniter\CodeIgniter->handleRequest()
#4 /var/www/html/solimaq/public/index.php(44): CodeIgniter\CodeIgniter->run()
#5 {main}
CRITICAL - 2022-07-21 12:03:18 --> Undefined offset: 0
#0 /var/www/html/solimaq/app/Controllers/Notificaciones.php(16): CodeIgniter\Debug\Exceptions->errorHandler()
#1 /var/www/html/solimaq/system/CodeIgniter.php(936): App\Controllers\Notificaciones->obtener_notificaciones()
#2 /var/www/html/solimaq/system/CodeIgniter.php(432): CodeIgniter\CodeIgniter->runController()
#3 /var/www/html/solimaq/system/CodeIgniter.php(333): CodeIgniter\CodeIgniter->handleRequest()
#4 /var/www/html/solimaq/public/index.php(44): CodeIgniter\CodeIgniter->run()
#5 {main}
CRITICAL - 2022-07-21 12:04:18 --> Undefined offset: 0
#0 /var/www/html/solimaq/app/Controllers/Notificaciones.php(16): CodeIgniter\Debug\Exceptions->errorHandler()
#1 /var/www/html/solimaq/system/CodeIgniter.php(936): App\Controllers\Notificaciones->obtener_notificaciones()
#2 /var/www/html/solimaq/system/CodeIgniter.php(432): CodeIgniter\CodeIgniter->runController()
#3 /var/www/html/solimaq/system/CodeIgniter.php(333): CodeIgniter\CodeIgniter->handleRequest()
#4 /var/www/html/solimaq/public/index.php(44): CodeIgniter\CodeIgniter->run()
#5 {main}
CRITICAL - 2022-07-21 12:05:18 --> Undefined offset: 0
#0 /var/www/html/solimaq/app/Controllers/Notificaciones.php(16): CodeIgniter\Debug\Exceptions->errorHandler()
#1 /var/www/html/solimaq/system/CodeIgniter.php(936): App\Controllers\Notificaciones->obtener_notificaciones()
#2 /var/www/html/solimaq/system/CodeIgniter.php(432): CodeIgniter\CodeIgniter->runController()
#3 /var/www/html/solimaq/system/CodeIgniter.php(333): CodeIgniter\CodeIgniter->handleRequest()
#4 /var/www/html/solimaq/public/index.php(44): CodeIgniter\CodeIgniter->run()
#5 {main}
CRITICAL - 2022-07-21 12:06:19 --> Undefined offset: 0
#0 /var/www/html/solimaq/app/Controllers/Notificaciones.php(16): CodeIgniter\Debug\Exceptions->errorHandler()
#1 /var/www/html/solimaq/system/CodeIgniter.php(936): App\Controllers\Notificaciones->obtener_notificaciones()
#2 /var/www/html/solimaq/system/CodeIgniter.php(432): CodeIgniter\CodeIgniter->runController()
#3 /var/www/html/solimaq/system/CodeIgniter.php(333): CodeIgniter\CodeIgniter->handleRequest()
#4 /var/www/html/solimaq/public/index.php(44): CodeIgniter\CodeIgniter->run()
#5 {main}
CRITICAL - 2022-07-21 12:07:19 --> Undefined offset: 0
#0 /var/www/html/solimaq/app/Controllers/Notificaciones.php(16): CodeIgniter\Debug\Exceptions->errorHandler()
#1 /var/www/html/solimaq/system/CodeIgniter.php(936): App\Controllers\Notificaciones->obtener_notificaciones()
#2 /var/www/html/solimaq/system/CodeIgniter.php(432): CodeIgniter\CodeIgniter->runController()
#3 /var/www/html/solimaq/system/CodeIgniter.php(333): CodeIgniter\CodeIgniter->handleRequest()
#4 /var/www/html/solimaq/public/index.php(44): CodeIgniter\CodeIgniter->run()
#5 {main}
CRITICAL - 2022-07-21 12:08:19 --> Undefined offset: 0
#0 /var/www/html/solimaq/app/Controllers/Notificaciones.php(16): CodeIgniter\Debug\Exceptions->errorHandler()
#1 /var/www/html/solimaq/system/CodeIgniter.php(936): App\Controllers\Notificaciones->obtener_notificaciones()
#2 /var/www/html/solimaq/system/CodeIgniter.php(432): CodeIgniter\CodeIgniter->runController()
#3 /var/www/html/solimaq/system/CodeIgniter.php(333): CodeIgniter\CodeIgniter->handleRequest()
#4 /var/www/html/solimaq/public/index.php(44): CodeIgniter\CodeIgniter->run()
#5 {main}
CRITICAL - 2022-07-21 12:09:20 --> Undefined offset: 0
#0 /var/www/html/solimaq/app/Controllers/Notificaciones.php(16): CodeIgniter\Debug\Exceptions->errorHandler()
#1 /var/www/html/solimaq/system/CodeIgniter.php(936): App\Controllers\Notificaciones->obtener_notificaciones()
#2 /var/www/html/solimaq/system/CodeIgniter.php(432): CodeIgniter\CodeIgniter->runController()
#3 /var/www/html/solimaq/system/CodeIgniter.php(333): CodeIgniter\CodeIgniter->handleRequest()
#4 /var/www/html/solimaq/public/index.php(44): CodeIgniter\CodeIgniter->run()
#5 {main}
CRITICAL - 2022-07-21 12:10:20 --> Undefined offset: 0
#0 /var/www/html/solimaq/app/Controllers/Notificaciones.php(16): CodeIgniter\Debug\Exceptions->errorHandler()
#1 /var/www/html/solimaq/system/CodeIgniter.php(936): App\Controllers\Notificaciones->obtener_notificaciones()
#2 /var/www/html/solimaq/system/CodeIgniter.php(432): CodeIgniter\CodeIgniter->runController()
#3 /var/www/html/solimaq/system/CodeIgniter.php(333): CodeIgniter\CodeIgniter->handleRequest()
#4 /var/www/html/solimaq/public/index.php(44): CodeIgniter\CodeIgniter->run()
#5 {main}
CRITICAL - 2022-07-21 12:11:20 --> Undefined offset: 0
#0 /var/www/html/solimaq/app/Controllers/Notificaciones.php(16): CodeIgniter\Debug\Exceptions->errorHandler()
#1 /var/www/html/solimaq/system/CodeIgniter.php(936): App\Controllers\Notificaciones->obtener_notificaciones()
#2 /var/www/html/solimaq/system/CodeIgniter.php(432): CodeIgniter\CodeIgniter->runController()
#3 /var/www/html/solimaq/system/CodeIgniter.php(333): CodeIgniter\CodeIgniter->handleRequest()
#4 /var/www/html/solimaq/public/index.php(44): CodeIgniter\CodeIgniter->run()
#5 {main}
CRITICAL - 2022-07-21 12:12:21 --> Undefined offset: 0
#0 /var/www/html/solimaq/app/Controllers/Notificaciones.php(16): CodeIgniter\Debug\Exceptions->errorHandler()
#1 /var/www/html/solimaq/system/CodeIgniter.php(936): App\Controllers\Notificaciones->obtener_notificaciones()
#2 /var/www/html/solimaq/system/CodeIgniter.php(432): CodeIgniter\CodeIgniter->runController()
#3 /var/www/html/solimaq/system/CodeIgniter.php(333): CodeIgniter\CodeIgniter->handleRequest()
#4 /var/www/html/solimaq/public/index.php(44): CodeIgniter\CodeIgniter->run()
#5 {main}
CRITICAL - 2022-07-21 12:13:21 --> Undefined offset: 0
#0 /var/www/html/solimaq/app/Controllers/Notificaciones.php(16): CodeIgniter\Debug\Exceptions->errorHandler()
#1 /var/www/html/solimaq/system/CodeIgniter.php(936): App\Controllers\Notificaciones->obtener_notificaciones()
#2 /var/www/html/solimaq/system/CodeIgniter.php(432): CodeIgniter\CodeIgniter->runController()
#3 /var/www/html/solimaq/system/CodeIgniter.php(333): CodeIgniter\CodeIgniter->handleRequest()
#4 /var/www/html/solimaq/public/index.php(44): CodeIgniter\CodeIgniter->run()
#5 {main}
CRITICAL - 2022-07-21 12:14:21 --> Undefined offset: 0
#0 /var/www/html/solimaq/app/Controllers/Notificaciones.php(16): CodeIgniter\Debug\Exceptions->errorHandler()
#1 /var/www/html/solimaq/system/CodeIgniter.php(936): App\Controllers\Notificaciones->obtener_notificaciones()
#2 /var/www/html/solimaq/system/CodeIgniter.php(432): CodeIgniter\CodeIgniter->runController()
#3 /var/www/html/solimaq/system/CodeIgniter.php(333): CodeIgniter\CodeIgniter->handleRequest()
#4 /var/www/html/solimaq/public/index.php(44): CodeIgniter\CodeIgniter->run()
#5 {main}
CRITICAL - 2022-07-21 12:15:22 --> Undefined offset: 0
#0 /var/www/html/solimaq/app/Controllers/Notificaciones.php(16): CodeIgniter\Debug\Exceptions->errorHandler()
#1 /var/www/html/solimaq/system/CodeIgniter.php(936): App\Controllers\Notificaciones->obtener_notificaciones()
#2 /var/www/html/solimaq/system/CodeIgniter.php(432): CodeIgniter\CodeIgniter->runController()
#3 /var/www/html/solimaq/system/CodeIgniter.php(333): CodeIgniter\CodeIgniter->handleRequest()
#4 /var/www/html/solimaq/public/index.php(44): CodeIgniter\CodeIgniter->run()
#5 {main}
CRITICAL - 2022-07-21 12:16:22 --> Undefined offset: 0
#0 /var/www/html/solimaq/app/Controllers/Notificaciones.php(16): CodeIgniter\Debug\Exceptions->errorHandler()
#1 /var/www/html/solimaq/system/CodeIgniter.php(936): App\Controllers\Notificaciones->obtener_notificaciones()
#2 /var/www/html/solimaq/system/CodeIgniter.php(432): CodeIgniter\CodeIgniter->runController()
#3 /var/www/html/solimaq/system/CodeIgniter.php(333): CodeIgniter\CodeIgniter->handleRequest()
#4 /var/www/html/solimaq/public/index.php(44): CodeIgniter\CodeIgniter->run()
#5 {main}
CRITICAL - 2022-07-21 12:17:22 --> Undefined offset: 0
#0 /var/www/html/solimaq/app/Controllers/Notificaciones.php(16): CodeIgniter\Debug\Exceptions->errorHandler()
#1 /var/www/html/solimaq/system/CodeIgniter.php(936): App\Controllers\Notificaciones->obtener_notificaciones()
#2 /var/www/html/solimaq/system/CodeIgniter.php(432): CodeIgniter\CodeIgniter->runController()
#3 /var/www/html/solimaq/system/CodeIgniter.php(333): CodeIgniter\CodeIgniter->handleRequest()
#4 /var/www/html/solimaq/public/index.php(44): CodeIgniter\CodeIgniter->run()
#5 {main}
CRITICAL - 2022-07-21 12:18:22 --> Undefined offset: 0
#0 /var/www/html/solimaq/app/Controllers/Notificaciones.php(16): CodeIgniter\Debug\Exceptions->errorHandler()
#1 /var/www/html/solimaq/system/CodeIgniter.php(936): App\Controllers\Notificaciones->obtener_notificaciones()
#2 /var/www/html/solimaq/system/CodeIgniter.php(432): CodeIgniter\CodeIgniter->runController()
#3 /var/www/html/solimaq/system/CodeIgniter.php(333): CodeIgniter\CodeIgniter->handleRequest()
#4 /var/www/html/solimaq/public/index.php(44): CodeIgniter\CodeIgniter->run()
#5 {main}
